<?xml version="1.0" encoding="UTF-8"?>
<!-- Generated by org.testng.reporters.JUnitReportReporter -->
<testsuite hostname="DESKTOP-I3H88D7" failures="0" tests="1" name="testclasses.CheckBoxTest" time="8.222" errors="0" timestamp="2023-09-13T23:24:51 IST" skipped="0">
  <testcase classname="testclasses.CheckBoxTest" name="verifyCheckBoxButton" time="8.222"/>
</testsuite> <!-- testclasses.CheckBoxTest -->
