<?xml version="1.0" encoding="UTF-8"?>
<!-- Generated by org.testng.reporters.JUnitReportReporter -->
<testsuite hostname="DESKTOP-I3H88D7" failures="0" tests="1" name="testclasses.HomeTest" time="4.891" errors="0" timestamp="2023-09-13T23:24:51 IST" skipped="0">
  <testcase classname="testclasses.HomeTest" name="verifyRadioBtnByChangingLanguage" time="4.891"/>
</testsuite> <!-- testclasses.HomeTest -->
