<?xml version="1.0" encoding="UTF-8"?>
<!-- Generated by org.testng.reporters.JUnitReportReporter -->
<testsuite hostname="DESKTOP-I3H88D7" failures="0" tests="2" name="testclasses.MouseOverTest" time="7.747" errors="0" timestamp="2023-09-13T23:24:51 IST" skipped="1">
  <testcase classname="testclasses.MouseOverTest" name="verifyMouseOverAction" time="5.096"/>
  <testcase classname="testclasses.MouseOverTest" name="verifyMouseOverAction" time="2.651">
    <skipped/>
  </testcase> <!-- verifyMouseOverAction -->
</testsuite> <!-- testclasses.MouseOverTest -->
